\BOOKMARK [1][-]{section.1}{\376\377\000S\000u\000r\000f\000a\000c\000e\000\040\000E\000l\000e\000v\000a\000t\000i\000o\000n\000\040\000a\000n\000d\000\040\000F\000l\000i\000g\000h\000t\000\040\000H\000e\000i\000g\000h\000t}{}% 1
\BOOKMARK [1][-]{section.2}{\376\377\000C\000o\000n\000s\000t\000r\000a\000i\000n\000t\000s}{}% 2
\BOOKMARK [2][-]{subsection.2.1}{\376\377\000P\000i\000x\000e\000l\000\040\000R\000e\000s\000o\000l\000u\000t\000i\000o\000n}{section.2}% 3
\BOOKMARK [2][-]{subsection.2.2}{\376\377\000D\000i\000f\000f\000r\000a\000c\000t\000i\000o\000n\000\040\000R\000e\000s\000o\000l\000u\000t\000i\000o\000n}{section.2}% 4
\BOOKMARK [2][-]{subsection.2.3}{\376\377\000D\000e\000p\000t\000h\000\040\000o\000f\000\040\000F\000i\000e\000l\000d}{section.2}% 5
\BOOKMARK [2][-]{subsection.2.4}{\376\377\000M\000o\000t\000i\000o\000n\000\040\000B\000l\000u\000r}{section.2}% 6
\BOOKMARK [2][-]{subsection.2.5}{\376\377\000E\000n\000d\000\040\000O\000v\000e\000r\000l\000a\000p}{section.2}% 7
\BOOKMARK [2][-]{subsection.2.6}{\376\377\000C\000o\000n\000s\000t\000a\000n\000t\000\040\000C\000o\000n\000s\000t\000r\000a\000i\000n\000t\000s}{section.2}% 8
\BOOKMARK [1][-]{section.3}{\376\377\000O\000p\000t\000i\000m\000i\000z\000a\000t\000i\000o\000n}{}% 9
\BOOKMARK [2][-]{subsection.3.1}{\376\377\000O\000b\000j\000e\000c\000t\000i\000v\000e}{section.3}% 10
\BOOKMARK [2][-]{subsection.3.2}{\376\377\000S\000o\000l\000u\000t\000i\000o\000n\000\040\000S\000p\000a\000c\000e}{section.3}% 11
\BOOKMARK [2][-]{subsection.3.3}{\376\377\000P\000r\000o\000b\000l\000e\000m\000\040\000F\000o\000r\000m\000u\000l\000a\000t\000i\000o\000n}{section.3}% 12
\BOOKMARK [2][-]{subsection.3.4}{\376\377\000V\000e\000r\000t\000e\000x\000\040\000E\000n\000u\000m\000e\000r\000a\000t\000i\000o\000n\000\040\000J\000u\000s\000t\000i\000f\000i\000c\000a\000t\000i\000o\000n}{section.3}% 13
\BOOKMARK [2][-]{subsection.3.5}{\376\377\000V\000e\000r\000t\000e\000x\000\040\000E\000n\000u\000m\000e\000r\000a\000t\000i\000o\000n\000\040\000A\000l\000g\000o\000r\000i\000t\000h\000m}{section.3}% 14
\BOOKMARK [2][-]{subsection.3.6}{\376\377\000V\000a\000r\000i\000a\000b\000l\000e\000s\000\040\000a\000n\000d\000\040\000C\000o\000n\000s\000t\000a\000n\000t\000s}{section.3}% 15
\BOOKMARK [3][-]{subsubsection.3.6.1}{\376\377\000D\000e\000c\000i\000s\000i\000o\000n\000\040\000V\000a\000r\000i\000a\000b\000l\000e\000s}{subsection.3.6}% 16
\BOOKMARK [3][-]{subsubsection.3.6.2}{\376\377\000Q\000u\000a\000l\000i\000t\000y\000\040\000R\000e\000q\000u\000i\000r\000e\000m\000e\000n\000t\000s}{subsection.3.6}% 17
\BOOKMARK [3][-]{subsubsection.3.6.3}{\376\377\000L\000e\000n\000s\000\040\000C\000h\000a\000r\000a\000c\000t\000e\000r\000i\000s\000t\000i\000c\000s}{subsection.3.6}% 18
\BOOKMARK [2][-]{subsection.3.7}{\376\377\000S\000e\000n\000s\000o\000r\000\040\000C\000h\000a\000r\000a\000c\000t\000e\000r\000i\000s\000t\000i\000c\000s}{section.3}% 19
\BOOKMARK [3][-]{subsubsection.3.7.1}{\376\377\000U\000A\000V\000\040\000C\000h\000a\000r\000a\000c\000t\000e\000r\000i\000s\000t\000i\000c\000s}{subsection.3.7}% 20
\BOOKMARK [3][-]{subsubsection.3.7.2}{\376\377\000A\000O\000I\000\040\000C\000h\000a\000r\000a\000c\000t\000e\000r\000i\000s\000t\000i\000c\000s}{subsection.3.7}% 21
\BOOKMARK [2][-]{subsection.3.8}{\376\377\000C\000o\000n\000s\000t\000r\000a\000i\000n\000t\000s}{section.3}% 22
\BOOKMARK [3][-]{subsubsection.3.8.1}{\376\377\000H\000e\000i\000g\000h\000t}{subsection.3.8}% 23
\BOOKMARK [3][-]{subsubsection.3.8.2}{\376\377\000V\000e\000l\000o\000c\000i\000t\000y}{subsection.3.8}% 24
\BOOKMARK [3][-]{subsubsection.3.8.3}{\376\377\000E\000x\000p\000o\000s\000u\000r\000e}{subsection.3.8}% 25
